running egg_info
writing ../../build/serial_pkg/serial_pkg.egg-info/PKG-INFO
writing dependency_links to ../../build/serial_pkg/serial_pkg.egg-info/dependency_links.txt
writing entry points to ../../build/serial_pkg/serial_pkg.egg-info/entry_points.txt
writing requirements to ../../build/serial_pkg/serial_pkg.egg-info/requires.txt
writing top-level names to ../../build/serial_pkg/serial_pkg.egg-info/top_level.txt
reading manifest file '../../build/serial_pkg/serial_pkg.egg-info/SOURCES.txt'
writing manifest file '../../build/serial_pkg/serial_pkg.egg-info/SOURCES.txt'
running build
running build_py
copying serial_pkg/serial_get_node.py -> /home/altair/Documents/ROS2_Serial/build/serial_pkg/build/lib/serial_pkg
copying serial_pkg/serial_send_node.py -> /home/altair/Documents/ROS2_Serial/build/serial_pkg/build/lib/serial_pkg
running install
running install_lib
copying /home/altair/Documents/ROS2_Serial/build/serial_pkg/build/lib/serial_pkg/serial_get_node.py -> /home/altair/Documents/ROS2_Serial/install/serial_pkg/lib/python3.10/site-packages/serial_pkg
copying /home/altair/Documents/ROS2_Serial/build/serial_pkg/build/lib/serial_pkg/serial_send_node.py -> /home/altair/Documents/ROS2_Serial/install/serial_pkg/lib/python3.10/site-packages/serial_pkg
byte-compiling /home/altair/Documents/ROS2_Serial/install/serial_pkg/lib/python3.10/site-packages/serial_pkg/serial_get_node.py to serial_get_node.cpython-310.pyc
byte-compiling /home/altair/Documents/ROS2_Serial/install/serial_pkg/lib/python3.10/site-packages/serial_pkg/serial_send_node.py to serial_send_node.cpython-310.pyc
running install_data
running install_egg_info
removing '/home/altair/Documents/ROS2_Serial/install/serial_pkg/lib/python3.10/site-packages/serial_pkg-1.0.0-py3.10.egg-info' (and everything under it)
Copying ../../build/serial_pkg/serial_pkg.egg-info to /home/altair/Documents/ROS2_Serial/install/serial_pkg/lib/python3.10/site-packages/serial_pkg-1.0.0-py3.10.egg-info
running install_scripts
Installing serial_get_node script to /home/altair/Documents/ROS2_Serial/install/serial_pkg/lib/serial_pkg
Installing serial_send_node script to /home/altair/Documents/ROS2_Serial/install/serial_pkg/lib/serial_pkg
writing list of installed files to '/home/altair/Documents/ROS2_Serial/build/serial_pkg/install.log'
