[1.379s] Invoking command in '/home/altair/Documents/ROS2_Serial/src/serial_pkg': PYTHONPATH=/home/altair/Documents/ROS2_Serial/build/serial_pkg/prefix_override:/home/altair/Documents/ROS2_Serial/install/serial_pkg/lib/python3.10/site-packages:${PYTHONPATH} /usr/bin/python3 setup.py egg_info --egg-base ../../build/serial_pkg build --build-base /home/altair/Documents/ROS2_Serial/build/serial_pkg/build install --record /home/altair/Documents/ROS2_Serial/build/serial_pkg/install.log --single-version-externally-managed
[1.667s] running egg_info
[1.689s] writing ../../build/serial_pkg/serial_pkg.egg-info/PKG-INFO
[1.689s] writing dependency_links to ../../build/serial_pkg/serial_pkg.egg-info/dependency_links.txt
[1.690s] writing entry points to ../../build/serial_pkg/serial_pkg.egg-info/entry_points.txt
[1.690s] writing requirements to ../../build/serial_pkg/serial_pkg.egg-info/requires.txt
[1.690s] writing top-level names to ../../build/serial_pkg/serial_pkg.egg-info/top_level.txt
[1.741s] reading manifest file '../../build/serial_pkg/serial_pkg.egg-info/SOURCES.txt'
[1.742s] writing manifest file '../../build/serial_pkg/serial_pkg.egg-info/SOURCES.txt'
[1.742s] running build
[1.742s] running build_py
[1.743s] copying serial_pkg/serial_get_node.py -> /home/altair/Documents/ROS2_Serial/build/serial_pkg/build/lib/serial_pkg
[1.743s] copying serial_pkg/serial_send_node.py -> /home/altair/Documents/ROS2_Serial/build/serial_pkg/build/lib/serial_pkg
[1.743s] running install
[1.744s] /home/altair/.local/lib/python3.10/site-packages/setuptools/_distutils/cmd.py:66: SetuptoolsDeprecationWarning: setup.py install is deprecated.
[1.744s] !!
[1.744s] 
[1.744s]         ********************************************************************************
[1.744s]         Please avoid running ``setup.py`` directly.
[1.744s]         Instead, use pypa/build, pypa/installer, pypa/build or
[1.744s]         other standards-based tools.
[1.744s] 
[1.745s]         See https://blog.ganssle.io/articles/2021/10/setup-py-deprecated.html for details.
[1.745s]         ********************************************************************************
[1.745s] 
[1.745s] !!
[1.745s]   self.initialize_options()
[1.754s] running install_lib
[1.778s] copying /home/altair/Documents/ROS2_Serial/build/serial_pkg/build/lib/serial_pkg/serial_get_node.py -> /home/altair/Documents/ROS2_Serial/install/serial_pkg/lib/python3.10/site-packages/serial_pkg
[1.778s] copying /home/altair/Documents/ROS2_Serial/build/serial_pkg/build/lib/serial_pkg/serial_send_node.py -> /home/altair/Documents/ROS2_Serial/install/serial_pkg/lib/python3.10/site-packages/serial_pkg
[1.779s] byte-compiling /home/altair/Documents/ROS2_Serial/install/serial_pkg/lib/python3.10/site-packages/serial_pkg/serial_get_node.py to serial_get_node.cpython-310.pyc
[1.779s] byte-compiling /home/altair/Documents/ROS2_Serial/install/serial_pkg/lib/python3.10/site-packages/serial_pkg/serial_send_node.py to serial_send_node.cpython-310.pyc
[1.780s] running install_data
[1.803s] running install_egg_info
[1.827s] removing '/home/altair/Documents/ROS2_Serial/install/serial_pkg/lib/python3.10/site-packages/serial_pkg-1.0.0-py3.10.egg-info' (and everything under it)
[1.828s] Copying ../../build/serial_pkg/serial_pkg.egg-info to /home/altair/Documents/ROS2_Serial/install/serial_pkg/lib/python3.10/site-packages/serial_pkg-1.0.0-py3.10.egg-info
[1.829s] running install_scripts
[2.058s] Installing serial_get_node script to /home/altair/Documents/ROS2_Serial/install/serial_pkg/lib/serial_pkg
[2.058s] Installing serial_send_node script to /home/altair/Documents/ROS2_Serial/install/serial_pkg/lib/serial_pkg
[2.059s] writing list of installed files to '/home/altair/Documents/ROS2_Serial/build/serial_pkg/install.log'
[2.085s] Invoked command in '/home/altair/Documents/ROS2_Serial/src/serial_pkg' returned '0': PYTHONPATH=/home/altair/Documents/ROS2_Serial/build/serial_pkg/prefix_override:/home/altair/Documents/ROS2_Serial/install/serial_pkg/lib/python3.10/site-packages:${PYTHONPATH} /usr/bin/python3 setup.py egg_info --egg-base ../../build/serial_pkg build --build-base /home/altair/Documents/ROS2_Serial/build/serial_pkg/build install --record /home/altair/Documents/ROS2_Serial/build/serial_pkg/install.log --single-version-externally-managed
