[1.438s] DEBUG:colcon:Command line arguments: ['/usr/bin/colcon', 'build']
[1.438s] DEBUG:colcon:Parsed command line arguments: Namespace(log_base=None, log_level=None, verb_name='build', build_base='build', install_base='install', merge_install=False, symlink_install=False, test_result_base=None, continue_on_error=False, executor='parallel', parallel_workers=8, event_handlers=None, ignore_user_meta=False, metas=['./colcon.meta'], base_paths=['.'], packages_ignore=None, packages_ignore_regex=None, paths=None, packages_up_to=None, packages_up_to_regex=None, packages_above=None, packages_above_and_dependencies=None, packages_above_depth=None, packages_select_by_dep=None, packages_skip_by_dep=None, packages_skip_up_to=None, packages_select_build_failed=False, packages_skip_build_finished=False, packages_select_test_failures=False, packages_skip_test_passed=False, packages_select=None, packages_skip=None, packages_select_regex=None, packages_skip_regex=None, packages_start=None, packages_end=None, allow_overriding=[], cmake_args=None, cmake_target=None, cmake_target_skip_unavailable=False, cmake_clean_cache=False, cmake_clean_first=False, cmake_force_configure=False, ament_cmake_args=None, catkin_cmake_args=None, catkin_skip_building_tests=False, verb_parser=<colcon_defaults.argument_parser.defaults.DefaultArgumentsDecorator object at 0x7fe52d74cfd0>, verb_extension=<colcon_core.verb.build.BuildVerb object at 0x7fe52d74c9d0>, main=<bound method BuildVerb.main of <colcon_core.verb.build.BuildVerb object at 0x7fe52d74c9d0>>)
[1.511s] Level 1:colcon.colcon_core.package_discovery:discover_packages(colcon_meta) check parameters
[1.511s] Level 1:colcon.colcon_core.package_discovery:discover_packages(recursive) check parameters
[1.511s] Level 1:colcon.colcon_core.package_discovery:discover_packages(ignore) check parameters
[1.511s] Level 1:colcon.colcon_core.package_discovery:discover_packages(path) check parameters
[1.511s] Level 1:colcon.colcon_core.package_discovery:discover_packages(colcon_meta) discover
[1.512s] Level 1:colcon.colcon_core.package_discovery:discover_packages(recursive) discover
[1.512s] INFO:colcon.colcon_core.package_discovery:Crawling recursively for packages in '/home/altair/Documents/ROS2_Serial'
[1.512s] Level 1:colcon.colcon_core.package_identification:_identify(.) by extensions ['ignore', 'ignore_ament_install']
[1.512s] Level 1:colcon.colcon_core.package_identification:_identify(.) by extension 'ignore'
[1.512s] Level 1:colcon.colcon_core.package_identification:_identify(.) by extension 'ignore_ament_install'
[1.512s] Level 1:colcon.colcon_core.package_identification:_identify(.) by extensions ['colcon_pkg']
[1.512s] Level 1:colcon.colcon_core.package_identification:_identify(.) by extension 'colcon_pkg'
[1.512s] Level 1:colcon.colcon_core.package_identification:_identify(.) by extensions ['colcon_meta']
[1.512s] Level 1:colcon.colcon_core.package_identification:_identify(.) by extension 'colcon_meta'
[1.512s] Level 1:colcon.colcon_core.package_identification:_identify(.) by extensions ['ros']
[1.512s] Level 1:colcon.colcon_core.package_identification:_identify(.) by extension 'ros'
[1.527s] Level 1:colcon.colcon_core.package_identification:_identify(.) by extensions ['cmake', 'python']
[1.527s] Level 1:colcon.colcon_core.package_identification:_identify(.) by extension 'cmake'
[1.527s] Level 1:colcon.colcon_core.package_identification:_identify(.) by extension 'python'
[1.527s] Level 1:colcon.colcon_core.package_identification:_identify(.) by extensions ['python_setup_py']
[1.527s] Level 1:colcon.colcon_core.package_identification:_identify(.) by extension 'python_setup_py'
[1.527s] Level 1:colcon.colcon_core.package_identification:_identify(build) by extensions ['ignore', 'ignore_ament_install']
[1.527s] Level 1:colcon.colcon_core.package_identification:_identify(build) by extension 'ignore'
[1.527s] Level 1:colcon.colcon_core.package_identification:_identify(build) ignored
[1.527s] Level 1:colcon.colcon_core.package_identification:_identify(code) by extensions ['ignore', 'ignore_ament_install']
[1.528s] Level 1:colcon.colcon_core.package_identification:_identify(code) by extension 'ignore'
[1.528s] Level 1:colcon.colcon_core.package_identification:_identify(code) by extension 'ignore_ament_install'
[1.528s] Level 1:colcon.colcon_core.package_identification:_identify(code) by extensions ['colcon_pkg']
[1.528s] Level 1:colcon.colcon_core.package_identification:_identify(code) by extension 'colcon_pkg'
[1.528s] Level 1:colcon.colcon_core.package_identification:_identify(code) by extensions ['colcon_meta']
[1.528s] Level 1:colcon.colcon_core.package_identification:_identify(code) by extension 'colcon_meta'
[1.528s] Level 1:colcon.colcon_core.package_identification:_identify(code) by extensions ['ros']
[1.528s] Level 1:colcon.colcon_core.package_identification:_identify(code) by extension 'ros'
[1.528s] Level 1:colcon.colcon_core.package_identification:_identify(code) by extensions ['cmake', 'python']
[1.528s] Level 1:colcon.colcon_core.package_identification:_identify(code) by extension 'cmake'
[1.528s] Level 1:colcon.colcon_core.package_identification:_identify(code) by extension 'python'
[1.528s] Level 1:colcon.colcon_core.package_identification:_identify(code) by extensions ['python_setup_py']
[1.528s] Level 1:colcon.colcon_core.package_identification:_identify(code) by extension 'python_setup_py'
[1.528s] Level 1:colcon.colcon_core.package_identification:_identify(code/ros2-serial) by extensions ['ignore', 'ignore_ament_install']
[1.528s] Level 1:colcon.colcon_core.package_identification:_identify(code/ros2-serial) by extension 'ignore'
[1.528s] Level 1:colcon.colcon_core.package_identification:_identify(code/ros2-serial) by extension 'ignore_ament_install'
[1.528s] Level 1:colcon.colcon_core.package_identification:_identify(code/ros2-serial) by extensions ['colcon_pkg']
[1.528s] Level 1:colcon.colcon_core.package_identification:_identify(code/ros2-serial) by extension 'colcon_pkg'
[1.528s] Level 1:colcon.colcon_core.package_identification:_identify(code/ros2-serial) by extensions ['colcon_meta']
[1.529s] Level 1:colcon.colcon_core.package_identification:_identify(code/ros2-serial) by extension 'colcon_meta'
[1.529s] Level 1:colcon.colcon_core.package_identification:_identify(code/ros2-serial) by extensions ['ros']
[1.529s] Level 1:colcon.colcon_core.package_identification:_identify(code/ros2-serial) by extension 'ros'
[1.529s] Level 1:colcon.colcon_core.package_identification:_identify(code/ros2-serial) by extensions ['cmake', 'python']
[1.529s] Level 1:colcon.colcon_core.package_identification:_identify(code/ros2-serial) by extension 'cmake'
[1.529s] Level 1:colcon.colcon_core.package_identification:_identify(code/ros2-serial) by extension 'python'
[1.529s] Level 1:colcon.colcon_core.package_identification:_identify(code/ros2-serial) by extensions ['python_setup_py']
[1.529s] Level 1:colcon.colcon_core.package_identification:_identify(code/ros2-serial) by extension 'python_setup_py'
[1.529s] Level 1:colcon.colcon_core.package_identification:_identify(code/ros2-serial2) by extensions ['ignore', 'ignore_ament_install']
[1.529s] Level 1:colcon.colcon_core.package_identification:_identify(code/ros2-serial2) by extension 'ignore'
[1.529s] Level 1:colcon.colcon_core.package_identification:_identify(code/ros2-serial2) by extension 'ignore_ament_install'
[1.529s] Level 1:colcon.colcon_core.package_identification:_identify(code/ros2-serial2) by extensions ['colcon_pkg']
[1.529s] Level 1:colcon.colcon_core.package_identification:_identify(code/ros2-serial2) by extension 'colcon_pkg'
[1.529s] Level 1:colcon.colcon_core.package_identification:_identify(code/ros2-serial2) by extensions ['colcon_meta']
[1.529s] Level 1:colcon.colcon_core.package_identification:_identify(code/ros2-serial2) by extension 'colcon_meta'
[1.529s] Level 1:colcon.colcon_core.package_identification:_identify(code/ros2-serial2) by extensions ['ros']
[1.529s] Level 1:colcon.colcon_core.package_identification:_identify(code/ros2-serial2) by extension 'ros'
[1.529s] Level 1:colcon.colcon_core.package_identification:_identify(code/ros2-serial2) by extensions ['cmake', 'python']
[1.529s] Level 1:colcon.colcon_core.package_identification:_identify(code/ros2-serial2) by extension 'cmake'
[1.530s] Level 1:colcon.colcon_core.package_identification:_identify(code/ros2-serial2) by extension 'python'
[1.530s] Level 1:colcon.colcon_core.package_identification:_identify(code/ros2-serial2) by extensions ['python_setup_py']
[1.530s] Level 1:colcon.colcon_core.package_identification:_identify(code/ros2-serial2) by extension 'python_setup_py'
[1.530s] Level 1:colcon.colcon_core.package_identification:_identify(install) by extensions ['ignore', 'ignore_ament_install']
[1.530s] Level 1:colcon.colcon_core.package_identification:_identify(install) by extension 'ignore'
[1.530s] Level 1:colcon.colcon_core.package_identification:_identify(install) ignored
[1.530s] Level 1:colcon.colcon_core.package_identification:_identify(log) by extensions ['ignore', 'ignore_ament_install']
[1.530s] Level 1:colcon.colcon_core.package_identification:_identify(log) by extension 'ignore'
[1.530s] Level 1:colcon.colcon_core.package_identification:_identify(log) ignored
[1.530s] Level 1:colcon.colcon_core.package_identification:_identify(readme) by extensions ['ignore', 'ignore_ament_install']
[1.530s] Level 1:colcon.colcon_core.package_identification:_identify(readme) by extension 'ignore'
[1.530s] Level 1:colcon.colcon_core.package_identification:_identify(readme) by extension 'ignore_ament_install'
[1.530s] Level 1:colcon.colcon_core.package_identification:_identify(readme) by extensions ['colcon_pkg']
[1.530s] Level 1:colcon.colcon_core.package_identification:_identify(readme) by extension 'colcon_pkg'
[1.530s] Level 1:colcon.colcon_core.package_identification:_identify(readme) by extensions ['colcon_meta']
[1.530s] Level 1:colcon.colcon_core.package_identification:_identify(readme) by extension 'colcon_meta'
[1.531s] Level 1:colcon.colcon_core.package_identification:_identify(readme) by extensions ['ros']
[1.531s] Level 1:colcon.colcon_core.package_identification:_identify(readme) by extension 'ros'
[1.531s] Level 1:colcon.colcon_core.package_identification:_identify(readme) by extensions ['cmake', 'python']
[1.531s] Level 1:colcon.colcon_core.package_identification:_identify(readme) by extension 'cmake'
[1.531s] Level 1:colcon.colcon_core.package_identification:_identify(readme) by extension 'python'
[1.531s] Level 1:colcon.colcon_core.package_identification:_identify(readme) by extensions ['python_setup_py']
[1.531s] Level 1:colcon.colcon_core.package_identification:_identify(readme) by extension 'python_setup_py'
[1.531s] Level 1:colcon.colcon_core.package_identification:_identify(src) by extensions ['ignore', 'ignore_ament_install']
[1.531s] Level 1:colcon.colcon_core.package_identification:_identify(src) by extension 'ignore'
[1.531s] Level 1:colcon.colcon_core.package_identification:_identify(src) by extension 'ignore_ament_install'
[1.531s] Level 1:colcon.colcon_core.package_identification:_identify(src) by extensions ['colcon_pkg']
[1.531s] Level 1:colcon.colcon_core.package_identification:_identify(src) by extension 'colcon_pkg'
[1.531s] Level 1:colcon.colcon_core.package_identification:_identify(src) by extensions ['colcon_meta']
[1.531s] Level 1:colcon.colcon_core.package_identification:_identify(src) by extension 'colcon_meta'
[1.531s] Level 1:colcon.colcon_core.package_identification:_identify(src) by extensions ['ros']
[1.531s] Level 1:colcon.colcon_core.package_identification:_identify(src) by extension 'ros'
[1.531s] Level 1:colcon.colcon_core.package_identification:_identify(src) by extensions ['cmake', 'python']
[1.531s] Level 1:colcon.colcon_core.package_identification:_identify(src) by extension 'cmake'
[1.531s] Level 1:colcon.colcon_core.package_identification:_identify(src) by extension 'python'
[1.531s] Level 1:colcon.colcon_core.package_identification:_identify(src) by extensions ['python_setup_py']
[1.532s] Level 1:colcon.colcon_core.package_identification:_identify(src) by extension 'python_setup_py'
[1.532s] Level 1:colcon.colcon_core.package_identification:_identify(src/serial_pkg) by extensions ['ignore', 'ignore_ament_install']
[1.532s] Level 1:colcon.colcon_core.package_identification:_identify(src/serial_pkg) by extension 'ignore'
[1.532s] Level 1:colcon.colcon_core.package_identification:_identify(src/serial_pkg) by extension 'ignore_ament_install'
[1.532s] Level 1:colcon.colcon_core.package_identification:_identify(src/serial_pkg) by extensions ['colcon_pkg']
[1.532s] Level 1:colcon.colcon_core.package_identification:_identify(src/serial_pkg) by extension 'colcon_pkg'
[1.532s] Level 1:colcon.colcon_core.package_identification:_identify(src/serial_pkg) by extensions ['colcon_meta']
[1.532s] Level 1:colcon.colcon_core.package_identification:_identify(src/serial_pkg) by extension 'colcon_meta'
[1.532s] Level 1:colcon.colcon_core.package_identification:_identify(src/serial_pkg) by extensions ['ros']
[1.532s] Level 1:colcon.colcon_core.package_identification:_identify(src/serial_pkg) by extension 'ros'
[1.534s] DEBUG:colcon.colcon_core.package_identification:Package 'src/serial_pkg' with type 'ros.ament_python' and name 'serial_pkg'
[1.534s] Level 1:colcon.colcon_core.package_discovery:discover_packages(recursive) using defaults
[1.534s] Level 1:colcon.colcon_core.package_discovery:discover_packages(ignore) discover
[1.534s] Level 1:colcon.colcon_core.package_discovery:discover_packages(ignore) using defaults
[1.534s] Level 1:colcon.colcon_core.package_discovery:discover_packages(path) discover
[1.534s] Level 1:colcon.colcon_core.package_discovery:discover_packages(path) using defaults
[1.666s] Level 1:colcon.colcon_core.package_discovery:discover_packages(prefix_path) check parameters
[1.666s] Level 1:colcon.colcon_core.package_discovery:discover_packages(prefix_path) discover
[1.712s] DEBUG:colcon.colcon_installed_package_information.package_discovery:Found 1 installed packages in /home/altair/Documents/ROS2_Serial/install
[1.734s] DEBUG:colcon.colcon_installed_package_information.package_discovery:Found 4 installed packages in /home/altair/install
[1.756s] DEBUG:colcon.colcon_installed_package_information.package_discovery:Found 0 installed packages in /home/altair/build/rplidar_ros2/install
[1.780s] DEBUG:colcon.colcon_installed_package_information.package_discovery:Found 327 installed packages in /opt/ros/humble
[1.781s] Level 1:colcon.colcon_core.package_discovery:discover_packages(prefix_path) using defaults
[1.892s] Level 5:colcon.colcon_core.verb:set package 'serial_pkg' build argument 'cmake_args' from command line to 'None'
[1.892s] Level 5:colcon.colcon_core.verb:set package 'serial_pkg' build argument 'cmake_target' from command line to 'None'
[1.892s] Level 5:colcon.colcon_core.verb:set package 'serial_pkg' build argument 'cmake_target_skip_unavailable' from command line to 'False'
[1.892s] Level 5:colcon.colcon_core.verb:set package 'serial_pkg' build argument 'cmake_clean_cache' from command line to 'False'
[1.892s] Level 5:colcon.colcon_core.verb:set package 'serial_pkg' build argument 'cmake_clean_first' from command line to 'False'
[1.892s] Level 5:colcon.colcon_core.verb:set package 'serial_pkg' build argument 'cmake_force_configure' from command line to 'False'
[1.892s] Level 5:colcon.colcon_core.verb:set package 'serial_pkg' build argument 'ament_cmake_args' from command line to 'None'
[1.892s] Level 5:colcon.colcon_core.verb:set package 'serial_pkg' build argument 'catkin_cmake_args' from command line to 'None'
[1.892s] Level 5:colcon.colcon_core.verb:set package 'serial_pkg' build argument 'catkin_skip_building_tests' from command line to 'False'
[1.892s] DEBUG:colcon.colcon_core.verb:Building package 'serial_pkg' with the following arguments: {'ament_cmake_args': None, 'build_base': '/home/altair/Documents/ROS2_Serial/build/serial_pkg', 'catkin_cmake_args': None, 'catkin_skip_building_tests': False, 'cmake_args': None, 'cmake_clean_cache': False, 'cmake_clean_first': False, 'cmake_force_configure': False, 'cmake_target': None, 'cmake_target_skip_unavailable': False, 'install_base': '/home/altair/Documents/ROS2_Serial/install/serial_pkg', 'merge_install': False, 'path': '/home/altair/Documents/ROS2_Serial/src/serial_pkg', 'symlink_install': False, 'test_result_base': None}
[1.915s] INFO:colcon.colcon_core.executor:Executing jobs using 'parallel' executor
[1.937s] DEBUG:colcon.colcon_parallel_executor.executor.parallel:run_until_complete
[1.938s] INFO:colcon.colcon_ros.task.ament_python.build:Building ROS package in '/home/altair/Documents/ROS2_Serial/src/serial_pkg' with build type 'ament_python'
[1.938s] Level 1:colcon.colcon_core.shell:create_environment_hook('serial_pkg', 'ament_prefix_path')
[1.962s] INFO:colcon.colcon_core.plugin_system:Skipping extension 'colcon_core.shell.bat': Not used on non-Windows systems
[1.962s] INFO:colcon.colcon_core.shell:Creating environment hook '/home/altair/Documents/ROS2_Serial/install/serial_pkg/share/serial_pkg/hook/ament_prefix_path.ps1'
[1.963s] INFO:colcon.colcon_core.shell:Creating environment descriptor '/home/altair/Documents/ROS2_Serial/install/serial_pkg/share/serial_pkg/hook/ament_prefix_path.dsv'
[1.963s] INFO:colcon.colcon_core.shell:Creating environment hook '/home/altair/Documents/ROS2_Serial/install/serial_pkg/share/serial_pkg/hook/ament_prefix_path.sh'
[1.988s] INFO:colcon.colcon_core.shell:Skip shell extension 'powershell' for command environment: Not usable outside of PowerShell
[1.989s] DEBUG:colcon.colcon_core.shell:Skip shell extension 'dsv' for command environment
[2.348s] INFO:colcon.colcon_core.task.python.build:Building Python package in '/home/altair/Documents/ROS2_Serial/src/serial_pkg'
[2.372s] INFO:colcon.colcon_core.shell:Skip shell extension 'powershell' for command environment: Not usable outside of PowerShell
[2.372s] DEBUG:colcon.colcon_core.shell:Skip shell extension 'dsv' for command environment
[3.317s] DEBUG:colcon.colcon_core.event_handler.log_command:Invoking command in '/home/altair/Documents/ROS2_Serial/src/serial_pkg': PYTHONPATH=/home/altair/Documents/ROS2_Serial/build/serial_pkg/prefix_override:/home/altair/Documents/ROS2_Serial/install/serial_pkg/lib/python3.10/site-packages:${PYTHONPATH} /usr/bin/python3 setup.py egg_info --egg-base ../../build/serial_pkg build --build-base /home/altair/Documents/ROS2_Serial/build/serial_pkg/build install --record /home/altair/Documents/ROS2_Serial/build/serial_pkg/install.log --single-version-externally-managed
[4.023s] DEBUG:colcon.colcon_core.event_handler.log_command:Invoked command in '/home/altair/Documents/ROS2_Serial/src/serial_pkg' returned '0': PYTHONPATH=/home/altair/Documents/ROS2_Serial/build/serial_pkg/prefix_override:/home/altair/Documents/ROS2_Serial/install/serial_pkg/lib/python3.10/site-packages:${PYTHONPATH} /usr/bin/python3 setup.py egg_info --egg-base ../../build/serial_pkg build --build-base /home/altair/Documents/ROS2_Serial/build/serial_pkg/build install --record /home/altair/Documents/ROS2_Serial/build/serial_pkg/install.log --single-version-externally-managed
[4.049s] Level 1:colcon.colcon_core.environment:checking '/home/altair/Documents/ROS2_Serial/install/serial_pkg' for CMake module files
[4.050s] Level 1:colcon.colcon_core.environment:checking '/home/altair/Documents/ROS2_Serial/install/serial_pkg' for CMake config files
[4.050s] Level 1:colcon.colcon_core.environment:checking '/home/altair/Documents/ROS2_Serial/install/serial_pkg/lib'
[4.051s] Level 1:colcon.colcon_core.environment:checking '/home/altair/Documents/ROS2_Serial/install/serial_pkg/bin'
[4.051s] Level 1:colcon.colcon_core.environment:checking '/home/altair/Documents/ROS2_Serial/install/serial_pkg/lib/pkgconfig/serial_pkg.pc'
[4.051s] Level 1:colcon.colcon_core.environment:checking '/home/altair/Documents/ROS2_Serial/install/serial_pkg/lib/python3.10/site-packages'
[4.051s] Level 1:colcon.colcon_core.shell:create_environment_hook('serial_pkg', 'pythonpath')
[4.074s] INFO:colcon.colcon_core.shell:Creating environment hook '/home/altair/Documents/ROS2_Serial/install/serial_pkg/share/serial_pkg/hook/pythonpath.ps1'
[4.074s] INFO:colcon.colcon_core.shell:Creating environment descriptor '/home/altair/Documents/ROS2_Serial/install/serial_pkg/share/serial_pkg/hook/pythonpath.dsv'
[4.075s] INFO:colcon.colcon_core.shell:Creating environment hook '/home/altair/Documents/ROS2_Serial/install/serial_pkg/share/serial_pkg/hook/pythonpath.sh'
[4.075s] Level 1:colcon.colcon_core.environment:checking '/home/altair/Documents/ROS2_Serial/install/serial_pkg/bin'
[4.075s] Level 1:colcon.colcon_core.environment:create_environment_scripts_only(serial_pkg)
[4.098s] INFO:colcon.colcon_core.shell:Creating package script '/home/altair/Documents/ROS2_Serial/install/serial_pkg/share/serial_pkg/package.ps1'
[4.099s] INFO:colcon.colcon_core.shell:Creating package descriptor '/home/altair/Documents/ROS2_Serial/install/serial_pkg/share/serial_pkg/package.dsv'
[4.100s] INFO:colcon.colcon_core.shell:Creating package script '/home/altair/Documents/ROS2_Serial/install/serial_pkg/share/serial_pkg/package.sh'
[4.101s] INFO:colcon.colcon_core.shell:Creating package script '/home/altair/Documents/ROS2_Serial/install/serial_pkg/share/serial_pkg/package.bash'
[4.101s] INFO:colcon.colcon_core.shell:Creating package script '/home/altair/Documents/ROS2_Serial/install/serial_pkg/share/serial_pkg/package.zsh'
[4.102s] Level 1:colcon.colcon_core.environment:create_file_with_runtime_dependencies(/home/altair/Documents/ROS2_Serial/install/serial_pkg/share/colcon-core/packages/serial_pkg)
[4.102s] DEBUG:colcon.colcon_parallel_executor.executor.parallel:closing loop
[4.103s] DEBUG:colcon.colcon_parallel_executor.executor.parallel:loop closed
[4.103s] DEBUG:colcon.colcon_parallel_executor.executor.parallel:run_until_complete finished with '0'
[4.103s] DEBUG:colcon.colcon_core.event_reactor:joining thread
[4.134s] INFO:colcon.colcon_core.plugin_system:Skipping extension 'colcon_notification.desktop_notification.terminal_notifier': Not used on non-Darwin systems
[4.134s] INFO:colcon.colcon_core.plugin_system:Skipping extension 'colcon_notification.desktop_notification.win32': Not used on non-Windows systems
[4.134s] INFO:colcon.colcon_notification.desktop_notification:Sending desktop notification using 'notify2'
[4.147s] DEBUG:colcon.colcon_core.event_reactor:joined thread
[4.171s] INFO:colcon.colcon_core.shell:Creating prefix script '/home/altair/Documents/ROS2_Serial/install/local_setup.ps1'
[4.172s] INFO:colcon.colcon_core.shell:Creating prefix util module '/home/altair/Documents/ROS2_Serial/install/_local_setup_util_ps1.py'
[4.173s] INFO:colcon.colcon_core.shell:Creating prefix chain script '/home/altair/Documents/ROS2_Serial/install/setup.ps1'
[4.198s] INFO:colcon.colcon_core.shell:Creating prefix script '/home/altair/Documents/ROS2_Serial/install/local_setup.sh'
[4.198s] INFO:colcon.colcon_core.shell:Creating prefix util module '/home/altair/Documents/ROS2_Serial/install/_local_setup_util_sh.py'
[4.199s] INFO:colcon.colcon_core.shell:Creating prefix chain script '/home/altair/Documents/ROS2_Serial/install/setup.sh'
[4.223s] INFO:colcon.colcon_core.shell:Creating prefix script '/home/altair/Documents/ROS2_Serial/install/local_setup.bash'
[4.223s] INFO:colcon.colcon_core.shell:Creating prefix chain script '/home/altair/Documents/ROS2_Serial/install/setup.bash'
[4.247s] INFO:colcon.colcon_core.shell:Creating prefix script '/home/altair/Documents/ROS2_Serial/install/local_setup.zsh'
[4.247s] INFO:colcon.colcon_core.shell:Creating prefix chain script '/home/altair/Documents/ROS2_Serial/install/setup.zsh'
